--------------------------------------------------------------------------
By default, for Open MPI 4.0 and later, infiniband ports on a device
are not used by default.  The intent is to use UCX for these devices.
You can override this policy by setting the btl_openib_allow_ib MCA parameter
to true.

  Local host:              r03n57
  Local adapter:           hfi1_0
  Local port:              1

--------------------------------------------------------------------------
--------------------------------------------------------------------------
By default, for Open MPI 4.0 and later, infiniband ports on a device
are not used by default.  The intent is to use UCX for these devices.
You can override this policy by setting the btl_openib_allow_ib MCA parameter
to true.

  Local host:              r03n57
  Local adapter:           hfi1_0
  Local port:              1

--------------------------------------------------------------------------
--------------------------------------------------------------------------
By default, for Open MPI 4.0 and later, infiniband ports on a device
are not used by default.  The intent is to use UCX for these devices.
You can override this policy by setting the btl_openib_allow_ib MCA parameter
to true.

  Local host:              r03n57
  Local adapter:           hfi1_0
  Local port:              1

--------------------------------------------------------------------------
[r03n57.localdomain.hpc.udel.edu:324426] [[52140,0],0] ORTE_ERROR_LOG: Data unpack had inadequate space in file util/show_help.c at line 513
[r03n57.localdomain.hpc.udel.edu:324428] [[52138,0],0] ORTE_ERROR_LOG: Data unpack had inadequate space in file util/show_help.c at line 513
--------------------------------------------------------------------------
WARNING: There was an error initializing an OpenFabrics device.

  Local host:   r03n57
  Local device: hfi1_0
--------------------------------------------------------------------------
--------------------------------------------------------------------------
WARNING: There was an error initializing an OpenFabrics device.

  Local host:   r03n57
  Local device: hfi1_0
--------------------------------------------------------------------------
--------------------------------------------------------------------------
WARNING: There was an error initializing an OpenFabrics device.

  Local host:   r03n57
  Local device: hfi1_0
--------------------------------------------------------------------------
[r03n57.localdomain.hpc.udel.edu:324426] 10 more processes have sent help message help-mpi-btl-openib.txt / ib port not selected
[r03n57.localdomain.hpc.udel.edu:324426] Set MCA parameter "orte_base_help_aggregate" to 0 to see all help / error messages
[r03n57.localdomain.hpc.udel.edu:324426] 11 more processes have sent help message help-mpi-btl-openib.txt / error in device init
[r03n57.localdomain.hpc.udel.edu:324428] 10 more processes have sent help message help-mpi-btl-openib.txt / ib port not selected
[r03n57.localdomain.hpc.udel.edu:324428] Set MCA parameter "orte_base_help_aggregate" to 0 to see all help / error messages
[r03n57.localdomain.hpc.udel.edu:324428] 11 more processes have sent help message help-mpi-btl-openib.txt / error in device init
[r03n57.localdomain.hpc.udel.edu:324427] 11 more processes have sent help message help-mpi-btl-openib.txt / ib port not selected
[r03n57.localdomain.hpc.udel.edu:324427] Set MCA parameter "orte_base_help_aggregate" to 0 to see all help / error messages
[r03n57.localdomain.hpc.udel.edu:324427] 11 more processes have sent help message help-mpi-btl-openib.txt / error in device init
--------------------------------------------------------------------------
By default, for Open MPI 4.0 and later, infiniband ports on a device
are not used by default.  The intent is to use UCX for these devices.
You can override this policy by setting the btl_openib_allow_ib MCA parameter
to true.

  Local host:              r03n57
  Local adapter:           hfi1_0
  Local port:              1

--------------------------------------------------------------------------
--------------------------------------------------------------------------
WARNING: There was an error initializing an OpenFabrics device.

  Local host:   r03n57
  Local device: hfi1_0
--------------------------------------------------------------------------
--------------------------------------------------------------------------
By default, for Open MPI 4.0 and later, infiniband ports on a device
are not used by default.  The intent is to use UCX for these devices.
You can override this policy by setting the btl_openib_allow_ib MCA parameter
to true.

  Local host:              r03n57
  Local adapter:           hfi1_0
  Local port:              1

--------------------------------------------------------------------------
--------------------------------------------------------------------------
WARNING: There was an error initializing an OpenFabrics device.

  Local host:   r03n57
  Local device: hfi1_0
--------------------------------------------------------------------------
--------------------------------------------------------------------------
By default, for Open MPI 4.0 and later, infiniband ports on a device
are not used by default.  The intent is to use UCX for these devices.
You can override this policy by setting the btl_openib_allow_ib MCA parameter
to true.

  Local host:              r03n57
  Local adapter:           hfi1_0
  Local port:              1

--------------------------------------------------------------------------
--------------------------------------------------------------------------
WARNING: There was an error initializing an OpenFabrics device.

  Local host:   r03n57
  Local device: hfi1_0
--------------------------------------------------------------------------
[r03n57.localdomain.hpc.udel.edu:325529] 11 more processes have sent help message help-mpi-btl-openib.txt / ib port not selected
[r03n57.localdomain.hpc.udel.edu:325529] Set MCA parameter "orte_base_help_aggregate" to 0 to see all help / error messages
[r03n57.localdomain.hpc.udel.edu:325529] 11 more processes have sent help message help-mpi-btl-openib.txt / error in device init
[r03n57.localdomain.hpc.udel.edu:325527] 11 more processes have sent help message help-mpi-btl-openib.txt / ib port not selected
[r03n57.localdomain.hpc.udel.edu:325527] Set MCA parameter "orte_base_help_aggregate" to 0 to see all help / error messages
[r03n57.localdomain.hpc.udel.edu:325527] 11 more processes have sent help message help-mpi-btl-openib.txt / error in device init
[r03n57.localdomain.hpc.udel.edu:325528] 11 more processes have sent help message help-mpi-btl-openib.txt / ib port not selected
[r03n57.localdomain.hpc.udel.edu:325528] Set MCA parameter "orte_base_help_aggregate" to 0 to see all help / error messages
[r03n57.localdomain.hpc.udel.edu:325528] 11 more processes have sent help message help-mpi-btl-openib.txt / error in device init
--------------------------------------------------------------------------
By default, for Open MPI 4.0 and later, infiniband ports on a device
are not used by default.  The intent is to use UCX for these devices.
You can override this policy by setting the btl_openib_allow_ib MCA parameter
to true.

  Local host:              r03n57
  Local adapter:           hfi1_0
  Local port:              1

--------------------------------------------------------------------------
--------------------------------------------------------------------------
By default, for Open MPI 4.0 and later, infiniband ports on a device
are not used by default.  The intent is to use UCX for these devices.
You can override this policy by setting the btl_openib_allow_ib MCA parameter
to true.

  Local host:              r03n57
  Local adapter:           hfi1_0
  Local port:              1

--------------------------------------------------------------------------
--------------------------------------------------------------------------
By default, for Open MPI 4.0 and later, infiniband ports on a device
are not used by default.  The intent is to use UCX for these devices.
You can override this policy by setting the btl_openib_allow_ib MCA parameter
to true.

  Local host:              r03n57
  Local adapter:           hfi1_0
  Local port:              1

--------------------------------------------------------------------------
--------------------------------------------------------------------------
WARNING: There was an error initializing an OpenFabrics device.

  Local host:   r03n57
  Local device: hfi1_0
--------------------------------------------------------------------------
--------------------------------------------------------------------------
WARNING: There was an error initializing an OpenFabrics device.

  Local host:   r03n57
  Local device: hfi1_0
--------------------------------------------------------------------------
--------------------------------------------------------------------------
WARNING: There was an error initializing an OpenFabrics device.

  Local host:   r03n57
  Local device: hfi1_0
--------------------------------------------------------------------------
[r03n57.localdomain.hpc.udel.edu:326472] 11 more processes have sent help message help-mpi-btl-openib.txt / ib port not selected
[r03n57.localdomain.hpc.udel.edu:326472] Set MCA parameter "orte_base_help_aggregate" to 0 to see all help / error messages
[r03n57.localdomain.hpc.udel.edu:326472] 11 more processes have sent help message help-mpi-btl-openib.txt / error in device init
[r03n57.localdomain.hpc.udel.edu:326470] 11 more processes have sent help message help-mpi-btl-openib.txt / ib port not selected
[r03n57.localdomain.hpc.udel.edu:326470] Set MCA parameter "orte_base_help_aggregate" to 0 to see all help / error messages
[r03n57.localdomain.hpc.udel.edu:326470] 11 more processes have sent help message help-mpi-btl-openib.txt / error in device init
[r03n57.localdomain.hpc.udel.edu:326471] 11 more processes have sent help message help-mpi-btl-openib.txt / ib port not selected
[r03n57.localdomain.hpc.udel.edu:326471] Set MCA parameter "orte_base_help_aggregate" to 0 to see all help / error messages
[r03n57.localdomain.hpc.udel.edu:326471] 11 more processes have sent help message help-mpi-btl-openib.txt / error in device init
--------------------------------------------------------------------------
By default, for Open MPI 4.0 and later, infiniband ports on a device
are not used by default.  The intent is to use UCX for these devices.
You can override this policy by setting the btl_openib_allow_ib MCA parameter
to true.

  Local host:              r03n57
  Local adapter:           hfi1_0
  Local port:              1

--------------------------------------------------------------------------
--------------------------------------------------------------------------
By default, for Open MPI 4.0 and later, infiniband ports on a device
are not used by default.  The intent is to use UCX for these devices.
You can override this policy by setting the btl_openib_allow_ib MCA parameter
to true.

  Local host:              r03n57
  Local adapter:           hfi1_0
  Local port:              1

--------------------------------------------------------------------------
--------------------------------------------------------------------------
By default, for Open MPI 4.0 and later, infiniband ports on a device
are not used by default.  The intent is to use UCX for these devices.
You can override this policy by setting the btl_openib_allow_ib MCA parameter
to true.

  Local host:              r03n57
  Local adapter:           hfi1_0
  Local port:              1

--------------------------------------------------------------------------
--------------------------------------------------------------------------
WARNING: There was an error initializing an OpenFabrics device.

  Local host:   r03n57
  Local device: hfi1_0
--------------------------------------------------------------------------
--------------------------------------------------------------------------
WARNING: There was an error initializing an OpenFabrics device.

  Local host:   r03n57
  Local device: hfi1_0
--------------------------------------------------------------------------
--------------------------------------------------------------------------
WARNING: There was an error initializing an OpenFabrics device.

  Local host:   r03n57
  Local device: hfi1_0
--------------------------------------------------------------------------
[r03n57.localdomain.hpc.udel.edu:327430] 11 more processes have sent help message help-mpi-btl-openib.txt / ib port not selected
[r03n57.localdomain.hpc.udel.edu:327430] Set MCA parameter "orte_base_help_aggregate" to 0 to see all help / error messages
[r03n57.localdomain.hpc.udel.edu:327430] 11 more processes have sent help message help-mpi-btl-openib.txt / error in device init
[r03n57.localdomain.hpc.udel.edu:327428] 11 more processes have sent help message help-mpi-btl-openib.txt / ib port not selected
[r03n57.localdomain.hpc.udel.edu:327428] Set MCA parameter "orte_base_help_aggregate" to 0 to see all help / error messages
[r03n57.localdomain.hpc.udel.edu:327428] 11 more processes have sent help message help-mpi-btl-openib.txt / error in device init
[r03n57.localdomain.hpc.udel.edu:327429] 11 more processes have sent help message help-mpi-btl-openib.txt / ib port not selected
[r03n57.localdomain.hpc.udel.edu:327429] Set MCA parameter "orte_base_help_aggregate" to 0 to see all help / error messages
[r03n57.localdomain.hpc.udel.edu:327429] 11 more processes have sent help message help-mpi-btl-openib.txt / error in device init
--------------------------------------------------------------------------
By default, for Open MPI 4.0 and later, infiniband ports on a device
are not used by default.  The intent is to use UCX for these devices.
You can override this policy by setting the btl_openib_allow_ib MCA parameter
to true.

  Local host:              r03n57
  Local adapter:           hfi1_0
  Local port:              1

--------------------------------------------------------------------------
--------------------------------------------------------------------------
By default, for Open MPI 4.0 and later, infiniband ports on a device
are not used by default.  The intent is to use UCX for these devices.
You can override this policy by setting the btl_openib_allow_ib MCA parameter
to true.

  Local host:              r03n57
  Local adapter:           hfi1_0
  Local port:              1

--------------------------------------------------------------------------
--------------------------------------------------------------------------
By default, for Open MPI 4.0 and later, infiniband ports on a device
are not used by default.  The intent is to use UCX for these devices.
You can override this policy by setting the btl_openib_allow_ib MCA parameter
to true.

  Local host:              r03n57
  Local adapter:           hfi1_0
  Local port:              1

--------------------------------------------------------------------------
--------------------------------------------------------------------------
WARNING: There was an error initializing an OpenFabrics device.

  Local host:   r03n57
  Local device: hfi1_0
--------------------------------------------------------------------------
--------------------------------------------------------------------------
WARNING: There was an error initializing an OpenFabrics device.

  Local host:   r03n57
  Local device: hfi1_0
--------------------------------------------------------------------------
--------------------------------------------------------------------------
WARNING: There was an error initializing an OpenFabrics device.

  Local host:   r03n57
  Local device: hfi1_0
--------------------------------------------------------------------------
[r03n57.localdomain.hpc.udel.edu:328314] [[15005,0],0] ORTE_ERROR_LOG: Out of resource in file util/show_help.c at line 501
[r03n57.localdomain.hpc.udel.edu:328316] 11 more processes have sent help message help-mpi-btl-openib.txt / ib port not selected
[r03n57.localdomain.hpc.udel.edu:328316] Set MCA parameter "orte_base_help_aggregate" to 0 to see all help / error messages
[r03n57.localdomain.hpc.udel.edu:328316] 11 more processes have sent help message help-mpi-btl-openib.txt / error in device init
[r03n57.localdomain.hpc.udel.edu:328314] 11 more processes have sent help message help-mpi-btl-openib.txt / ib port not selected
[r03n57.localdomain.hpc.udel.edu:328314] Set MCA parameter "orte_base_help_aggregate" to 0 to see all help / error messages
[r03n57.localdomain.hpc.udel.edu:328314] 10 more processes have sent help message help-mpi-btl-openib.txt / error in device init
[r03n57.localdomain.hpc.udel.edu:328315] 11 more processes have sent help message help-mpi-btl-openib.txt / ib port not selected
[r03n57.localdomain.hpc.udel.edu:328315] Set MCA parameter "orte_base_help_aggregate" to 0 to see all help / error messages
[r03n57.localdomain.hpc.udel.edu:328315] 11 more processes have sent help message help-mpi-btl-openib.txt / error in device init
--------------------------------------------------------------------------
By default, for Open MPI 4.0 and later, infiniband ports on a device
are not used by default.  The intent is to use UCX for these devices.
You can override this policy by setting the btl_openib_allow_ib MCA parameter
to true.

  Local host:              r03n57
  Local adapter:           hfi1_0
  Local port:              1

--------------------------------------------------------------------------
--------------------------------------------------------------------------
By default, for Open MPI 4.0 and later, infiniband ports on a device
are not used by default.  The intent is to use UCX for these devices.
You can override this policy by setting the btl_openib_allow_ib MCA parameter
to true.

  Local host:              r03n57
  Local adapter:           hfi1_0
  Local port:              1

--------------------------------------------------------------------------
--------------------------------------------------------------------------
By default, for Open MPI 4.0 and later, infiniband ports on a device
are not used by default.  The intent is to use UCX for these devices.
You can override this policy by setting the btl_openib_allow_ib MCA parameter
to true.

  Local host:              r03n57
  Local adapter:           hfi1_0
  Local port:              1

--------------------------------------------------------------------------
--------------------------------------------------------------------------
WARNING: There was an error initializing an OpenFabrics device.

  Local host:   r03n57
  Local device: hfi1_0
--------------------------------------------------------------------------
--------------------------------------------------------------------------
WARNING: There was an error initializing an OpenFabrics device.

  Local host:   r03n57
  Local device: hfi1_0
--------------------------------------------------------------------------
--------------------------------------------------------------------------
WARNING: There was an error initializing an OpenFabrics device.

  Local host:   r03n57
  Local device: hfi1_0
--------------------------------------------------------------------------
[r03n57.localdomain.hpc.udel.edu:329293] 11 more processes have sent help message help-mpi-btl-openib.txt / ib port not selected
[r03n57.localdomain.hpc.udel.edu:329293] Set MCA parameter "orte_base_help_aggregate" to 0 to see all help / error messages
[r03n57.localdomain.hpc.udel.edu:329293] 11 more processes have sent help message help-mpi-btl-openib.txt / error in device init
[r03n57.localdomain.hpc.udel.edu:329291] 11 more processes have sent help message help-mpi-btl-openib.txt / ib port not selected
[r03n57.localdomain.hpc.udel.edu:329291] Set MCA parameter "orte_base_help_aggregate" to 0 to see all help / error messages
[r03n57.localdomain.hpc.udel.edu:329291] 11 more processes have sent help message help-mpi-btl-openib.txt / error in device init
[r03n57.localdomain.hpc.udel.edu:329292] 11 more processes have sent help message help-mpi-btl-openib.txt / ib port not selected
[r03n57.localdomain.hpc.udel.edu:329292] Set MCA parameter "orte_base_help_aggregate" to 0 to see all help / error messages
[r03n57.localdomain.hpc.udel.edu:329292] 11 more processes have sent help message help-mpi-btl-openib.txt / error in device init
--------------------------------------------------------------------------
By default, for Open MPI 4.0 and later, infiniband ports on a device
are not used by default.  The intent is to use UCX for these devices.
You can override this policy by setting the btl_openib_allow_ib MCA parameter
to true.

  Local host:              r03n57
  Local adapter:           hfi1_0
  Local port:              1

--------------------------------------------------------------------------
--------------------------------------------------------------------------
WARNING: There was an error initializing an OpenFabrics device.

  Local host:   r03n57
  Local device: hfi1_0
--------------------------------------------------------------------------
--------------------------------------------------------------------------
By default, for Open MPI 4.0 and later, infiniband ports on a device
are not used by default.  The intent is to use UCX for these devices.
You can override this policy by setting the btl_openib_allow_ib MCA parameter
to true.

  Local host:              r03n57
  Local adapter:           hfi1_0
  Local port:              1

--------------------------------------------------------------------------
--------------------------------------------------------------------------
WARNING: There was an error initializing an OpenFabrics device.

  Local host:   r03n57
  Local device: hfi1_0
--------------------------------------------------------------------------
--------------------------------------------------------------------------
By default, for Open MPI 4.0 and later, infiniband ports on a device
are not used by default.  The intent is to use UCX for these devices.
You can override this policy by setting the btl_openib_allow_ib MCA parameter
to true.

  Local host:              r03n57
  Local adapter:           hfi1_0
  Local port:              1

--------------------------------------------------------------------------
--------------------------------------------------------------------------
WARNING: There was an error initializing an OpenFabrics device.

  Local host:   r03n57
  Local device: hfi1_0
--------------------------------------------------------------------------
[r03n57.localdomain.hpc.udel.edu:330227] 11 more processes have sent help message help-mpi-btl-openib.txt / ib port not selected
[r03n57.localdomain.hpc.udel.edu:330227] Set MCA parameter "orte_base_help_aggregate" to 0 to see all help / error messages
[r03n57.localdomain.hpc.udel.edu:330227] 11 more processes have sent help message help-mpi-btl-openib.txt / error in device init
[r03n57.localdomain.hpc.udel.edu:330226] 11 more processes have sent help message help-mpi-btl-openib.txt / ib port not selected
[r03n57.localdomain.hpc.udel.edu:330226] Set MCA parameter "orte_base_help_aggregate" to 0 to see all help / error messages
[r03n57.localdomain.hpc.udel.edu:330226] 11 more processes have sent help message help-mpi-btl-openib.txt / error in device init
[r03n57.localdomain.hpc.udel.edu:330228] 11 more processes have sent help message help-mpi-btl-openib.txt / ib port not selected
[r03n57.localdomain.hpc.udel.edu:330228] Set MCA parameter "orte_base_help_aggregate" to 0 to see all help / error messages
[r03n57.localdomain.hpc.udel.edu:330228] 11 more processes have sent help message help-mpi-btl-openib.txt / error in device init
